<?xml version="1.0" encoding="UTF-8" standalone="no"?>
<testsuite failures="0" name="cucumber.runtime.formatter.JUnitFormatter" skipped="0" tests="4" time="96.162194">
    <testcase classname="taskmanager" name="Login to the TaskManager" time="28.927295">
        <system-out>
            <![CDATA[Given launch the browser....................................................passed
When open TaskManager website...............................................passed
Then enter Username and Password............................................passed
And click on Login button...................................................passed
]]>
        </system-out>
    </testcase>
    <testcase classname="taskmanager" name="Add Project to the TaskManager Website" time="18.138196">
        <system-out>
            <![CDATA[Given Open the Website in the Browser.......................................passed
When Click on the Projects..................................................passed
Then Click on the Add New Project...........................................passed
Then Enter the Project Name.................................................passed
And Click on the Add Button.................................................passed
]]>
        </system-out>
    </testcase>
    <testcase classname="taskmanager" name="Search the  New Project" time="20.163802">
        <system-out>
            <![CDATA[Given Open the website in the Browser.......................................passed
When Click On Task List.....................................................passed
When Select the Newly Entered Project.......................................passed
And Click on the Search button..............................................passed
]]>
        </system-out>
    </testcase>
    <testcase classname="taskmanager" name="Add Task to the  Newly entered Project" time="28.932901">
        <system-out>
            <![CDATA[Given Launch the Website in the Browser.....................................passed
When Click on the AddNewTask................................................passed
Then Enter all the details..................................................passed
Then Slect the Start Date...................................................passed
Then Select the End Date....................................................passed
Then Click on the Add button................................................passed
And Take screenshot.........................................................passed
]]>
        </system-out>
    </testcase>
</testsuite>
